0 info it worked if it ends with ok
1 verbose cli [ 'node',
1 verbose cli   '/usr/local/bin/npm',
1 verbose cli   'install',
1 verbose cli   'animate.css',
1 verbose cli   '--save' ]
2 info using npm@1.4.3
3 info using node@v0.10.26
4 verbose readDependencies using package.json deps
5 verbose cache add [ 'animate.css', null ]
6 verbose cache add name=undefined spec="animate.css" args=["animate.css",null]
7 verbose parsed url { protocol: null,
7 verbose parsed url   slashes: null,
7 verbose parsed url   auth: null,
7 verbose parsed url   host: null,
7 verbose parsed url   port: null,
7 verbose parsed url   hostname: null,
7 verbose parsed url   hash: null,
7 verbose parsed url   search: null,
7 verbose parsed url   query: null,
7 verbose parsed url   pathname: 'animate.css',
7 verbose parsed url   path: 'animate.css',
7 verbose parsed url   href: 'animate.css' }
8 silly lockFile 366b5d27-animate-css animate.css
9 verbose lock animate.css /Users/mason/.npm/366b5d27-animate-css.lock
10 silly lockFile 366b5d27-animate-css animate.css
11 silly lockFile 366b5d27-animate-css animate.css
12 verbose addNamed [ 'animate.css', '' ]
13 verbose addNamed [ null, '*' ]
14 silly lockFile 04a119b9-animate-css animate.css@
15 verbose lock animate.css@ /Users/mason/.npm/04a119b9-animate-css.lock
16 silly addNameRange { name: 'animate.css', range: '*', hasData: false }
17 verbose url raw animate.css
18 verbose url resolving [ 'https://registry.npmjs.org/', './animate.css' ]
19 verbose url resolved https://registry.npmjs.org/animate.css
20 info trying registry request attempt 1 at 19:59:50
21 http GET https://registry.npmjs.org/animate.css
22 http 404 https://registry.npmjs.org/animate.css
23 silly registry.get cb [ 404,
23 silly registry.get   { date: 'Sun, 20 Apr 2014 02:59:50 GMT',
23 silly registry.get     server: 'CouchDB/1.5.0 (Erlang OTP/R16B)',
23 silly registry.get     'content-type': 'application/json',
23 silly registry.get     via: '1.1 varnish',
23 silly registry.get     'cache-control': 'max-age=0',
23 silly registry.get     'content-length': '52',
23 silly registry.get     'accept-ranges': 'bytes',
23 silly registry.get     age: '0',
23 silly registry.get     'x-served-by': 'cache-v41-ASH, cache-lax1421-LAX',
23 silly registry.get     'x-cache': 'MISS, MISS',
23 silly registry.get     'x-cache-hits': '0, 0',
23 silly registry.get     'x-timer': 'S1397962790.681434631,VS0,VS31,VE96,VE129',
23 silly registry.get     'keep-alive': 'timeout=10, max=50',
23 silly registry.get     connection: 'Keep-Alive' } ]
24 silly lockFile 04a119b9-animate-css animate.css@
25 silly lockFile 04a119b9-animate-css animate.css@
26 error 404 'animate.css' is not in the npm registry.
26 error 404 You should bug the author to publish it
26 error 404 It was specified as a dependency of 'recipeApp'
26 error 404
26 error 404 Note that you can also install from a
26 error 404 tarball, folder, or http url, or git url.
27 error System Darwin 13.1.0
28 error command "node" "/usr/local/bin/npm" "install" "animate.css" "--save"
29 error cwd /Users/mason/Desktop/Mase/projects folder/recipeApp
30 error node -v v0.10.26
31 error npm -v 1.4.3
32 error code E404
33 verbose exit [ 1, true ]
